<?xml version="1.0" encoding="UTF-8"?>
<!-- Generated by org.testng.reporters.JUnitXMLReporter -->
<testsuite ignored="0" hostname="begade-Latitude-E7450" failures="0" tests="3" name="Surefire test" time="49.001" errors="0" timestamp="2024-01-25T13:15:02 WAT">
  <testcase classname="com.example.TestSolver" name="buildTestSolver1 on buildTestSolver1(com.example.TestSolver)" time="25.728"/>
  <testcase classname="com.example.TestSolver" name="buildTestSolver on buildTestSolver(com.example.TestSolver)" time="30.934"/>
  <testcase classname="com.example.AppTest" name="shouldAnswerWithTrue on shouldAnswerWithTrue(com.example.AppTest)" time="0.001"/>
</testsuite> <!-- Surefire test -->
