<?xml version="1.0" encoding="UTF-8"?>
<!-- Generated by org.testng.reporters.JUnitXMLReporter -->
<testsuite ignored="0" hostname="begade-Latitude-E7450" failures="0" tests="3" name="Surefire test" time="35.219" errors="0" timestamp="2024-01-25T18:01:11 WAT">
  <testcase classname="com.example.TestSolver" name="buildTestSolver1 on buildTestSolver1(com.example.TestSolver)" time="16.986"/>
  <testcase classname="com.example.TestSolver" name="buildTestSolver on buildTestSolver(com.example.TestSolver)" time="21.101"/>
  <testcase classname="com.example.AppTest" name="shouldAnswerWithTrue on shouldAnswerWithTrue(com.example.AppTest)" time="0.001"/>
</testsuite> <!-- Surefire test -->
